<?xml version="1.0" encoding="UTF-8"?>
<!-- Generated by org.testng.reporters.JUnitReportReporter -->
<testsuite hostname="LAPTOP-SBLO1NOB" failures="0" tests="1" name="testScenarios.DatePicker" time="16.533" errors="0" timestamp="2024-12-23T10:05:50 PST" skipped="0">
  <testcase classname="testScenarios.DatePicker" name="selDate" time="16.533"/>
  <system-out/>
</testsuite> <!-- testScenarios.DatePicker -->
