<?xml version="1.0" encoding="UTF-8"?>
<!-- Generated by org.testng.reporters.JUnitReportReporter -->
<testsuite hostname="LAPTOP-SBLO1NOB" failures="0" tests="1" name="testScenarios.SwitchingWin" time="13.352" errors="0" timestamp="2024-12-20T12:21:26 PST" skipped="0">
  <testcase classname="testScenarios.SwitchingWin" name="SwitchWindows" time="13.352"/>
  <system-out/>
</testsuite> <!-- testScenarios.SwitchingWin -->
