<?xml version="1.0" encoding="UTF-8"?>
<!-- Generated by org.testng.reporters.JUnitReportReporter -->
<testsuite hostname="LAPTOP-SBLO1NOB" failures="0" tests="1" name="testScenarios.SwitchingWin" time="5.505" errors="0" timestamp="2024-12-28T06:34:47 PST" skipped="0">
  <testcase classname="testScenarios.SwitchingWin" name="SwitchWindows" time="5.505"/>
</testsuite> <!-- testScenarios.SwitchingWin -->
